<?xml version="1.0" encoding="UTF-8"?>
<testng-results skipped="0" failed="0" total="1" passed="1">
  <reporter-output>
  </reporter-output>
  <suite name="Default suite" duration-ms="137891" started-at="2018-08-21T02:45:05Z" finished-at="2018-08-21T02:47:23Z">
    <groups>
    </groups>
    <test name="Default test" duration-ms="137891" started-at="2018-08-21T02:45:05Z" finished-at="2018-08-21T02:47:23Z">
      <class name="com.test.LatestProject.Grid">
        <test-method status="PASS" signature="beforeTest()[pri:0, instance:com.test.LatestProject.Grid@7a79be86]" name="beforeTest" is-config="true" duration-ms="19328" started-at="2018-08-21T08:15:05Z" finished-at="2018-08-21T08:15:25Z">
          <reporter-output>
          </reporter-output>
        </test-method> <!-- beforeTest -->
        <test-method status="PASS" signature="t()[pri:0, instance:com.test.LatestProject.Grid@7a79be86]" name="t" duration-ms="118501" started-at="2018-08-21T08:15:25Z" finished-at="2018-08-21T08:17:23Z">
          <reporter-output>
          </reporter-output>
        </test-method> <!-- t -->
        <test-method status="PASS" signature="afterTest()[pri:0, instance:com.test.LatestProject.Grid@7a79be86]" name="afterTest" is-config="true" duration-ms="31" started-at="2018-08-21T08:17:23Z" finished-at="2018-08-21T08:17:23Z">
          <reporter-output>
          </reporter-output>
        </test-method> <!-- afterTest -->
      </class> <!-- com.test.LatestProject.Grid -->
    </test> <!-- Default test -->
  </suite> <!-- Default suite -->
</testng-results>
